
Usuario Conectado: root (2024-02-18 16:04:39)
Update Libro(id, nombre, autor, editorial, categoria): (id: 2) -> (0, Interfaces, Pepe, Editorial 3, 1)
Delete Libro: (id: 2)
Save Libro(id, nombre, autor, editorial, categoria): (3, Hola, Pepe, Editorial 3, 1)
Update Libro(id, nombre, autor, editorial, categoria): (id: 3) -> (0, Hola, Pepe, Editorial 1, 1)
Delete Libro: (id: 3)
Delete Prestamo: (id: 23)
Save Libro(id, nombre, autor, editorial, categoria): (4, jhgg, Pepe, Editorial 1, 1)
Delete Libro: (id: 4)
Usuario Conectado: root (2024-02-18 16:29:38)
Save Prestamo(idPrestamo, fechaPrestamo, idLibro, idUsuario): (0, 2024-02-20 01:00:00.0, 1, 2)
Usuario Conectado: root (2024-02-18 19:41:32)
Delete Prestamo: (id: 24)
Save Categoria(id, categoria): (6, ey)
Update Categoria(id, categoria): (id: 6) -> (0, cthjfgj)
Update Categoria(id, categoria): (id: 1) -> (0, Base de datos)
Delete Categoria: (id: 6)
Save Libro(id, nombre, autor, editorial, categoria): (5, Juan, Pepe, Editorial 1, 1)
Update Libro(id, nombre, autor, editorial, categoria): (id: 1) -> (0, Acceso a datos, Raul, Editorial 3, 1)
Delete Libro: (id: 5)
Save Libro(id, nombre, autor, editorial, categoria): (6, Juan , Pepe, Editorial 3, 1)
Delete Libro: (id: 1)
Save Prestamo(idPrestamo, fechaPrestamo, idLibro, idUsuario): (0, 2024-02-20 01:00:00.0, 6, 2)
Update Prestamo(idPrestamo, fechaPrestamo, idLibro, idUsuario): (id: 26) -> (0, null, 6, 2)
Update Prestamo(idPrestamo, fechaPrestamo, idLibro, idUsuario): (id: 26) -> (0, 2024-02-15 01:00:00.0, 6, 2)
Delete Prestamo: (id: 26)
Delete Categoria: (id: 1)
Save Categoria(id, categoria): (7, Acceso a datos)
Save Libro(id, nombre, autor, editorial, categoria): (7, Juan , Pepe, Editorial 3, 7)
Save Prestamo(idPrestamo, fechaPrestamo, idLibro, idUsuario): (0, 2024-02-23 01:00:00.0, 7, 2)
Delete Prestamo: (id: 28)
Save Prestamo(idPrestamo, fechaPrestamo, idLibro, idUsuario): (0, 2024-02-21 01:00:00.0, 7, 2)
Delete Prestamo: (id: 29)
Save Prestamo(idPrestamo, fechaPrestamo, idLibro, idUsuario): (0, 2024-02-21 01:00:00.0, 7, 2)
